% mean class accuracy (train set)	
10015.246	
7948.429	
6173.883	
4721.116	
3571.143	
2680.454	
1977.202	
1453.717	
1063.468	
771.428	
558.666	
504.702	
469.128	
439.692	
416.064	
396.910	
380.501	
366.240	
354.299	
343.207	
333.718	
324.959	
317.388	
310.598	
304.190	
298.299	
292.797	
287.804	
283.066	
278.450	
274.166	
270.102	
266.258	
262.444	
259.005	
255.778	
252.534	
249.629	
246.799	
243.885	
241.209	
238.610	
236.455	
234.164	
231.835	
229.601	
227.576	
225.754	
223.853	
221.890	
220.039	
218.099	
216.288	
214.359	
212.494	
210.663	
208.731	
206.936	
205.300	
203.428	
201.759	
200.691	
199.827	
198.820	
197.837	
197.004	
196.118	
195.308	
194.514	
193.837	
193.122	
192.532	
192.127	
191.618	
191.233	
190.748	
190.386	
190.033	
189.579	
189.168	
188.785	
188.600	
188.254	
188.025	
187.817	
187.622	
187.346	
187.141	
187.044	
186.830	
186.621	
186.476	
186.359	
186.235	
186.041	
185.989	
185.867	
185.727	
185.591	
185.445	
185.365	
185.301	
185.289	
185.291	
185.330	
185.209	
185.171	
185.053	
184.939	
184.834	
184.793	
184.742	
184.813	
184.691	
184.662	
184.613	
184.633	
184.639	
184.647	
184.641	
184.596	
184.561	
184.489	
184.556	
184.535	
184.596	
184.521	
184.566	
184.548	
184.538	
184.503	
184.522	
184.583	
184.583	
184.514	
184.488	
184.460	
184.443	
