% mean class accuracy (train set)	
10086.654	
8058.879	
6297.717	
4846.543	
3696.131	
2794.220	
2079.361	
1539.415	
1132.970	
827.127	
606.398	
548.245	
509.477	
476.715	
449.968	
427.416	
408.191	
391.586	
377.375	
364.515	
353.367	
343.086	
334.097	
326.047	
318.800	
312.008	
305.779	
300.109	
294.713	
289.508	
284.757	
280.212	
276.157	
272.047	
268.240	
264.651	
261.244	
257.962	
254.777	
251.626	
248.743	
245.980	
243.481	
240.813	
238.340	
235.906	
233.476	
231.335	
229.227	
227.116	
225.081	
223.011	
221.115	
219.203	
217.284	
215.403	
213.539	
211.831	
210.094	
208.309	
206.610	
205.764	
205.112	
204.424	
203.884	
203.412	
202.937	
202.504	
202.007	
201.524	
201.113	
200.941	
200.806	
200.719	
200.562	
200.384	
200.199	
200.061	
199.951	
199.806	
199.697	
199.664	
199.632	
199.572	
199.524	
199.506	
199.444	
199.400	
199.371	
199.333	
199.331	
199.298	
199.349	
199.312	
199.311	
199.345	
199.407	
199.331	
199.362	
199.422	
