% mean class accuracy (train set)	
9951.262	
7859.204	
6109.048	
4693.707	
3565.643	
2684.225	
1982.258	
1456.501	
1063.508	
767.867	
552.590	
496.993	
456.902	
421.302	
391.963	
367.816	
346.905	
329.112	
313.830	
300.332	
288.863	
278.763	
270.272	
262.455	
255.509	
249.057	
243.142	
238.005	
233.151	
228.242	
223.863	
219.615	
215.998	
212.212	
208.652	
205.404	
202.285	
199.395	
196.550	
193.810	
191.326	
188.810	
186.583	
184.246	
182.025	
179.888	
177.803	
175.895	
174.154	
172.161	
170.383	
168.688	
166.971	
165.173	
163.345	
161.546	
159.724	
158.110	
156.469	
154.770	
153.225	
152.114	
151.285	
150.347	
149.498	
148.678	
147.917	
147.141	
146.307	
145.523	
144.700	
144.213	
143.811	
143.386	
142.975	
142.596	
142.155	
141.753	
141.408	
141.007	
140.603	
140.402	
140.131	
139.898	
139.666	
139.474	
139.302	
139.082	
138.896	
138.712	
138.537	
138.403	
138.340	
138.253	
138.169	
138.089	
137.956	
137.917	
137.872	
137.819	
137.737	
137.679	
137.596	
137.506	
137.482	
137.424	
137.396	
137.295	
137.243	
137.164	
137.118	
137.077	
137.065	
137.052	
136.949	
136.897	
136.870	
136.881	
136.851	
136.799	
136.759	
136.772	
136.751	
136.720	
136.776	
136.746	
136.749	
136.743	
136.753	
136.743	
136.690	
136.680	
136.664	
136.691	
136.649	
136.626	
136.636	
136.579	
136.540	
136.547	
136.587	
136.579	
136.564	
136.568	
136.577	
136.633	
136.630	
136.705	
136.684	
136.685	
136.662	
