% mean class accuracy (train set)	
10089.774	
8077.582	
6311.619	
4886.675	
3758.637	
2877.489	
2171.967	
1635.725	
1226.842	
913.556	
677.738	
622.620	
589.687	
559.740	
534.150	
512.087	
491.487	
473.032	
456.733	
441.365	
428.219	
415.764	
405.092	
395.377	
386.255	
377.929	
370.203	
363.160	
356.789	
350.540	
344.693	
339.281	
334.394	
329.600	
325.033	
320.767	
316.668	
312.842	
309.249	
305.646	
302.288	
298.914	
295.776	
292.933	
290.048	
287.240	
284.447	
281.952	
279.461	
276.933	
274.674	
272.306	
270.231	
267.965	
265.832	
263.890	
262.055	
260.316	
258.735	
257.066	
255.423	
254.434	
253.513	
252.570	
251.767	
250.976	
249.978	
249.182	
248.252	
247.518	
246.767	
246.232	
245.631	
245.118	
244.568	
244.128	
243.824	
243.476	
243.150	
242.698	
242.262	
242.000	
241.842	
241.653	
241.439	
241.193	
240.878	
240.660	
240.466	
240.417	
240.330	
240.150	
239.988	
239.845	
239.721	
239.757	
239.708	
239.539	
239.457	
239.282	
239.109	
239.053	
239.012	
239.110	
239.213	
238.993	
239.017	
239.105	
239.057	
239.029	
238.990	
238.919	
238.931	
238.842	
238.816	
238.892	
238.835	
238.721	
238.725	
238.634	
238.684	
238.615	
238.545	
238.497	
238.317	
238.217	
238.240	
238.227	
238.213	
238.303	
238.256	
238.367	
238.387	
238.302	
238.323	
238.384	
238.394	
238.392	
238.379	
238.323	
238.316	
238.336	
238.360	
238.440	
238.437	
238.342	
238.291	
238.244	
238.206	
238.227	
238.245	
