% mean class accuracy (train set)	
9876.432	
7787.562	
6051.637	
4653.813	
3535.950	
2654.888	
1952.912	
1428.108	
1037.329	
745.012	
533.201	
477.731	
436.687	
399.728	
369.055	
344.301	
322.757	
304.562	
288.911	
274.696	
262.570	
251.547	
242.422	
233.855	
226.197	
219.313	
213.047	
207.540	
202.380	
197.382	
192.874	
188.525	
184.744	
180.958	
177.410	
174.065	
170.888	
168.029	
165.284	
162.473	
159.950	
157.453	
155.242	
152.934	
150.725	
148.607	
146.562	
144.720	
142.935	
141.037	
139.356	
137.555	
135.854	
134.016	
132.260	
130.540	
128.842	
127.263	
125.717	
124.093	
122.591	
121.482	
120.502	
119.452	
118.447	
117.469	
116.493	
115.581	
114.684	
113.738	
112.850	
112.176	
111.586	
110.951	
110.338	
109.744	
109.146	
108.584	
108.027	
107.441	
106.882	
106.453	
106.081	
105.681	
105.293	
104.917	
104.536	
104.177	
103.819	
103.444	
103.082	
102.805	
102.562	
102.303	
102.051	
101.808	
101.561	
101.324	
101.089	
100.847	
100.608	
100.425	
100.264	
100.094	
99.929	
99.769	
99.607	
99.448	
99.293	
99.132	
98.974	
98.852	
98.744	
98.630	
98.520	
98.414	
98.308	
98.201	
98.097	
97.990	
97.884	
