% mean class accuracy (train set)	
41721499.073	
44364992.671	
44948893.332	
41466049.335	
33023187.076	
21112395.582	
9504217.786	
3689689.596	
1360721.471	
489647.946	
173798.899	
58185.198	
20218.242	
7630.006	
3324.000	
1793.949	
1363.702	
1204.653	
1120.960	
1064.682	
1023.208	
992.137	
968.341	
949.890	
934.406	
921.086	
908.745	
897.896	
887.292	
879.642	
872.411	
864.166	
857.401	
851.316	
845.884	
841.518	
838.007	
833.896	
830.415	
826.579	
824.017	
818.270	
814.394	
811.782	
808.878	
805.903	
802.892	
800.822	
799.197	
797.731	
796.374	
793.653	
791.005	
789.038	
787.770	
786.575	
786.011	
785.166	
783.762	
782.281	
781.046	
781.207	
779.774	
778.655	
778.061	
777.831	
776.742	
776.015	
775.444	
775.463	
774.906	
774.112	
773.760	
773.264	
772.775	
772.532	
772.358	
771.915	
771.899	
772.228	
772.195	
771.529	
771.324	
770.994	
770.608	
770.209	
770.228	
770.303	
769.947	
769.196	
768.916	
768.443	
768.347	
767.951	
767.954	
767.998	
768.052	
767.890	
768.200	
768.238	
768.547	
767.970	
767.641	
767.916	
767.660	
767.123	
767.186	
767.224	
766.920	
767.031	
766.719	
766.920	
767.303	
767.456	
767.709	
768.075	
767.914	
767.886	
768.210	
768.522	
768.699	
