% mean class accuracy (train set)	
9973.955	
7858.889	
6098.854	
4679.120	
3546.635	
2660.006	
1955.332	
1429.208	
1037.390	
744.106	
531.859	
476.002	
434.895	
398.163	
367.799	
342.878	
321.296	
302.974	
287.145	
272.942	
260.884	
250.058	
241.135	
232.782	
225.308	
218.581	
212.381	
206.947	
201.853	
196.957	
192.571	
188.294	
184.603	
180.848	
177.340	
174.018	
170.859	
167.984	
165.258	
162.465	
159.962	
157.450	
155.230	
152.910	
150.728	
148.602	
146.579	
144.720	
142.939	
141.051	
139.365	
137.543	
135.790	
133.904	
132.083	
130.275	
128.490	
126.812	
125.141	
123.411	
121.745	
120.750	
119.919	
119.048	
118.212	
117.401	
116.586	
115.814	
115.046	
114.243	
113.456	
112.972	
112.566	
112.143	
111.735	
111.345	
110.948	
110.566	
110.187	
109.788	
109.395	
109.153	
108.947	
108.732	
108.527	
108.334	
108.135	
107.939	
107.745	
107.542	
107.342	
107.218	
107.113	
106.999	
106.895	
106.796	
106.695	
106.592	
106.493	
106.388	
106.283	
106.220	
106.166	
106.106	
106.051	
105.999	
105.948	
105.893	
105.843	
105.789	
105.733	
105.701	
105.675	
105.645	
105.614	
105.587	
105.561	
105.532	
105.506	
105.479	
105.449	
