% mean class accuracy (train set)	
9949.715	
7831.191	
6060.473	
4616.117	
3459.496	
2563.258	
1859.787	
1340.013	
958.957	
678.762	
479.093	
424.441	
385.084	
352.047	
326.191	
305.413	
287.858	
273.454	
261.138	
250.072	
240.562	
231.933	
224.629	
217.707	
211.431	
205.698	
200.348	
195.661	
191.238	
186.788	
182.820	
178.965	
175.592	
172.141	
168.885	
165.763	
162.799	
160.122	
157.577	
154.902	
152.510	
150.106	
147.994	
145.777	
143.675	
141.641	
139.685	
137.908	
136.189	
134.365	
132.721	
130.976	
129.353	
127.601	
125.919	
124.277	
122.657	
121.155	
119.672	
118.129	
116.680	
115.610	
114.676	
113.673	
112.708	
111.765	
110.834	
109.963	
109.104	
108.206	
107.350	
106.701	
106.138	
105.532	
104.944	
104.371	
103.798	
103.261	
102.729	
102.172	
101.638	
101.226	
100.870	
100.489	
100.116	
99.754	
99.390	
99.046	
98.705	
98.348	
98.004	
97.736	
97.504	
97.257	
97.016	
96.783	
96.547	
96.322	
96.098	
95.866	
95.639	
95.463	
95.309	
95.147	
94.989	
94.837	
94.681	
94.532	
94.385	
94.231	
94.081	
93.963	
93.861	
93.753	
93.648	
93.548	
93.446	
93.345	
93.248	
93.146	
93.045	
