% mean class accuracy (train set)	
10114.298	
7948.196	
6151.392	
4734.616	
3620.907	
2756.587	
2065.618	
1539.141	
1138.745	
833.642	
607.026	
555.873	
519.373	
483.786	
452.014	
423.615	
397.407	
374.790	
355.550	
338.195	
323.461	
310.111	
298.880	
288.690	
279.558	
271.430	
263.879	
257.156	
250.904	
244.887	
239.408	
234.153	
229.501	
224.914	
220.576	
216.478	
212.609	
209.093	
205.682	
202.283	
199.146	
196.097	
193.390	
190.602	
187.930	
185.354	
182.892	
180.640	
178.442	
176.182	
174.112	
172.027	
170.147	
168.155	
