% mean class accuracy (train set)	
9968.926	
7985.224	
6246.361	
4838.788	
3724.825	
2853.924	
2155.817	
1625.067	
1220.363	
909.181	
675.232	
620.288	
587.292	
557.473	
531.710	
509.458	
488.862	
470.419	
454.026	
438.859	
425.590	
413.379	
402.669	
393.089	
384.169	
376.094	
368.392	
361.414	
355.020	
348.925	
343.187	
337.767	
333.029	
328.322	
324.062	
319.834	
315.738	
311.965	
308.411	
304.733	
301.436	
298.159	
295.098	
292.165	
289.225	
286.575	
284.003	
281.570	
279.095	
276.703	
274.305	
272.053	
269.837	
267.704	
