% mean class accuracy (train set)	
10074.775	
7997.192	
6186.989	
4699.863	
3528.298	
2628.865	
1924.996	
1404.563	
1020.168	
734.587	
528.659	
474.281	
439.678	
412.131	
390.336	
372.545	
357.233	
344.225	
333.089	
322.877	
313.814	
305.529	
298.375	
291.729	
285.450	
279.787	
274.456	
269.570	
264.913	
260.356	
256.155	
251.979	
248.367	
244.754	
241.345	
238.027	
234.790	
231.993	
229.235	
226.319	
223.734	
221.229	
218.801	
216.352	
214.162	
212.018	
209.852	
207.798	
205.884	
203.769	
201.891	
199.913	
198.197	
196.256	
194.289	
192.401	
190.523	
188.822	
187.091	
185.280	
183.609	
182.604	
181.685	
180.795	
179.888	
179.023	
178.108	
177.317	
176.428	
175.636	
174.848	
174.250	
173.797	
173.187	
172.762	
172.303	
171.877	
171.495	
171.139	
170.756	
170.342	
170.104	
169.873	
169.736	
169.495	
169.273	
169.102	
168.885	
168.694	
168.508	
