% mean class accuracy (train set)	
10147.099	
8019.034	
6233.961	
4800.730	
3670.028	
2777.506	
2062.270	
1518.116	
1107.774	
799.585	
578.407	
520.164	
477.595	
438.101	
404.522	
375.791	
351.756	
331.502	
314.461	
299.402	
286.743	
275.254	
265.463	
256.530	
248.501	
241.176	
234.456	
228.419	
222.699	
217.280	
212.346	
207.546	
203.337	
199.115	
195.212	
191.440	
187.889	
184.623	
181.462	
178.356	
175.495	
172.645	
170.144	
167.527	
165.091	
162.663	
160.375	
158.262	
156.219	
154.126	
152.210	
150.164	
148.283	
146.263	
144.352	
142.449	
140.588	
138.857	
137.151	
135.406	
133.808	
132.812	
131.965	
131.049	
130.184	
129.332	
128.493	
127.710	
126.929	
126.121	
125.378	
124.900	
124.493	
124.053	
123.634	
123.226	
122.819	
122.436	
122.053	
121.654	
121.286	
121.050	
120.844	
120.624	
120.415	
120.216	
120.012	
119.817	
119.624	
119.423	
119.236	
119.118	
119.013	
118.899	
118.793	
118.694	
118.591	
118.490	
118.392	
118.290	
118.193	
118.133	
118.081	
118.023	
117.967	
117.915	
117.864	
117.813	
117.763	
117.710	
117.660	
117.630	
117.604	
117.575	
117.546	
117.518	
117.492	
117.466	
117.440	
117.413	
117.388	
117.372	
117.359	
117.344	
117.329	
117.315	
117.301	
117.288	
117.274	
117.260	
117.247	
117.239	
117.232	
117.224	
117.217	
117.209	
117.203	
117.196	
117.189	
