% mean class accuracy (train set)	
9872.036	
7774.807	
6021.218	
4591.251	
3448.013	
2560.376	
1861.669	
1343.660	
962.851	
682.124	
482.097	
427.212	
387.716	
354.361	
327.978	
306.661	
288.629	
273.943	
261.438	
250.214	
240.659	
231.899	
224.477	
217.394	
211.000	
205.155	
199.756	
194.962	
190.444	
185.985	
181.971	
178.059	
174.661	
171.173	
167.885	
164.787	
161.856	
159.212	
156.686	
154.069	
151.712	
149.342	
147.263	
145.080	
142.967	
140.941	
139.018	
137.245	
135.560	
133.758	
132.138	
130.430	
128.794	
127.021	
125.287	
123.591	
121.911	
120.316	
118.755	
117.124	
115.558	
114.630	
113.862	
113.045	
112.252	
111.489	
110.721	
109.997	
109.276	
108.519	
107.781	
107.325	
106.953	
106.557	
106.171	
105.804	
105.431	
105.079	
104.722	
104.349	
103.984	
103.752	
103.564	
103.363	
103.171	
102.989	
102.802	
102.624	
102.445	
102.259	
102.072	
101.952	
101.856	
101.751	
101.653	
101.563	
101.467	
101.374	
101.284	
101.191	
101.093	
101.031	
100.981	
100.927	
100.876	
100.831	
100.782	
100.732	
100.687	
100.638	
100.587	
100.556	
100.531	
100.503	
100.477	
100.453	
100.428	
100.402	
100.378	
100.353	
100.327	
